#
# There is insufficient memory for the Java Runtime Environment to continue.
# Native memory allocation (malloc) failed to allocate 1048576 bytes for AllocateHeap
# Possible reasons:
#   The system is out of physical RAM or swap space
#   The process is running with CompressedOops enabled, and the Java Heap may be blocking the growth of the native heap
# Possible solutions:
#   Reduce memory load on the system
#   Increase physical memory or swap space
#   Check if swap backing store is full
#   Decrease Java heap size (-Xmx/-Xms)
#   Decrease number of Java threads
#   Decrease Java thread stack sizes (-Xss)
#   Set larger code cache with -XX:ReservedCodeCacheSize=
#   JVM is running with Unscaled Compressed Oops mode in which the Java heap is
#     placed in the first 4GB address space. The Java Heap base address is the
#     maximum limit for the native heap growth. Please use -XX:HeapBaseMinAddress
#     to set the Java Heap base and to place the Java Heap above 4GB virtual address.
# This output file may be truncated or incomplete.
#
#  Out of Memory Error (allocation.cpp:44), pid=3848, tid=108
#
# JRE version: OpenJDK Runtime Environment Temurin-17.0.5+8 (17.0.5+8) (build 17.0.5+8)
# Java VM: OpenJDK 64-Bit Server VM Temurin-17.0.5+8 (17.0.5+8, mixed mode, emulated-client, tiered, compressed oops, compressed class ptrs, g1 gc, windows-amd64)
# No core dump will be written. Minidumps are not enabled by default on client versions of Windows
#

---------------  S U M M A R Y ------------

Command Line: -Dsts.lsp.client=vscode -Dsts.log.file=/dev/null -XX:TieredStopAtLevel=1 -Xlog:jni+resolve=off -Dspring.config.location=file:c:\Users\Murphy\.vscode\extensions\pivotal.vscode-spring-boot-1.43.0\language-server\BOOT-INF\classes\application.properties org.springframework.ide.vscode.boot.app.BootLanguageServerBootApp

Host: Intel(R) Core(TM) i3-6006U CPU @ 2.00GHz, 4 cores, 3G,  Windows 10 , 64 bit Build 19041 (10.0.19041.2364)
Time: Thu Feb  2 22:48:37 2023 Afrique de l, 64 bit Build 19041 (10.0.19041.2364) elapsed time: 5358.012202 seconds (0d 1h 29m 18s)

---------------  T H R E A D  ---------------

Current thread (0x000001aeed619920):  VMThread "VM Thread" [stack: 0x00000068ee300000,0x00000068ee400000] [id=108]

Stack: [0x00000068ee300000,0x00000068ee400000]
Native frames: (J=compiled Java code, j=interpreted, Vv=VM code, C=native code)
V  [jvm.dll+0x676b3a]
V  [jvm.dll+0x831444]
V  [jvm.dll+0x832bee]
V  [jvm.dll+0x833253]
V  [jvm.dll+0x244ce5]
V  [jvm.dll+0xa631f]
V  [jvm.dll+0x2f4f03]
V  [jvm.dll+0x2f0c10]
V  [jvm.dll+0x2d92f7]
V  [jvm.dll+0x31c3b7]
V  [jvm.dll+0x8376fb]
V  [jvm.dll+0x838434]
V  [jvm.dll+0x83894c]
V  [jvm.dll+0x838d24]
V  [jvm.dll+0x838df0]
V  [jvm.dll+0x7e17ea]
V  [jvm.dll+0x6759e5]
C  [ucrtbase.dll+0x21bb2]
C  [KERNEL32.DLL+0x17614]
C  [ntdll.dll+0x526a1]

VM_Operation (0x00000068ef1feba0): G1CollectFull, mode: safepoint, requested by thread 0x000001aeee9fc0c0


---------------  P R O C E S S  ---------------

Threads class SMR info:
_java_thread_list=0x000001aeef82bbb0, length=26, elements={
0x000001aeed632760, 0x000001aeed6335d0, 0x000001aeed660810, 0x000001aeed6642e0,
0x000001aeed664c90, 0x000001aeed665640, 0x000001aeed6660a0, 0x000001aeed68b600,
0x000001aeee1d3230, 0x000001aeee1dd880, 0x000001aeef419080, 0x000001aeee9fc0c0,
0x000001aeee9fc590, 0x000001aee12344c0, 0x000001aeef5d2c10, 0x000001aeeef0c030,
0x000001aeef6af230, 0x000001aeef6aed60, 0x000001aeef6ac210, 0x000001aeef6ada20,
0x000001aeef6af700, 0x000001aeef8e7cd0, 0x000001aeef8e2fd0, 0x000001aeef8e5b20,
0x000001aeef8e47e0, 0x000001aeef8e5180
}

Java Threads: ( => current thread )
  0x000001aeed632760 JavaThread "Reference Handler" daemon [_thread_blocked, id=8280, stack(0x00000068ee400000,0x00000068ee500000)]
  0x000001aeed6335d0 JavaThread "Finalizer" daemon [_thread_blocked, id=14304, stack(0x00000068ee500000,0x00000068ee600000)]
  0x000001aeed660810 JavaThread "Signal Dispatcher" daemon [_thread_blocked, id=10956, stack(0x00000068ee600000,0x00000068ee700000)]
  0x000001aeed6642e0 JavaThread "Attach Listener" daemon [_thread_blocked, id=5896, stack(0x00000068ee700000,0x00000068ee800000)]
  0x000001aeed664c90 JavaThread "Service Thread" daemon [_thread_blocked, id=14108, stack(0x00000068ee800000,0x00000068ee900000)]
  0x000001aeed665640 JavaThread "Monitor Deflation Thread" daemon [_thread_blocked, id=12376, stack(0x00000068ee900000,0x00000068eea00000)]
  0x000001aeed6660a0 JavaThread "C1 CompilerThread0" daemon [_thread_blocked, id=9284, stack(0x00000068eea00000,0x00000068eeb00000)]
  0x000001aeed68b600 JavaThread "Sweeper thread" daemon [_thread_blocked, id=8584, stack(0x00000068eeb00000,0x00000068eec00000)]
  0x000001aeee1d3230 JavaThread "Notification Thread" daemon [_thread_blocked, id=1192, stack(0x00000068eee00000,0x00000068eef00000)]
  0x000001aeee1dd880 JavaThread "Common-Cleaner" daemon [_thread_blocked, id=12140, stack(0x00000068ef000000,0x00000068ef100000)]
  0x000001aeef419080 JavaThread "boundedElastic-evictor-1" daemon [_thread_blocked, id=13444, stack(0x00000068ef400000,0x00000068ef500000)]
  0x000001aeee9fc0c0 JavaThread "pool-11-thread-1" [_thread_blocked, id=11676, stack(0x00000068ef100000,0x00000068ef200000)]
  0x000001aeee9fc590 JavaThread "LanguageServerApp-lifecycle" [_thread_blocked, id=7364, stack(0x00000068ef300000,0x00000068ef400000)]
  0x000001aee12344c0 JavaThread "DestroyJavaVM" [_thread_blocked, id=10196, stack(0x00000068edd00000,0x00000068ede00000)]
  0x000001aeef5d2c10 JavaThread "pool-12-thread-1" [_thread_in_native, id=10012, stack(0x00000068ef500000,0x00000068ef600000)]
  0x000001aeeef0c030 JavaThread "Simple-Language-Server main thread" daemon [_thread_blocked, id=7320, stack(0x00000068ef600000,0x00000068ef700000)]
  0x000001aeef6af230 JavaThread "pool-8-thread-1" [_thread_blocked, id=11752, stack(0x00000068efa00000,0x00000068efb00000)]
  0x000001aeef6aed60 JavaThread "parallel-1" daemon [_thread_blocked, id=2968, stack(0x00000068efb00000,0x00000068efc00000)]
  0x000001aeef6ac210 JavaThread "parallel-2" daemon [_thread_blocked, id=13596, stack(0x00000068efc00000,0x00000068efd00000)]
  0x000001aeef6ada20 JavaThread "parallel-3" daemon [_thread_blocked, id=13180, stack(0x00000068efe00000,0x00000068eff00000)]
  0x000001aeef6af700 JavaThread "parallel-4" daemon [_thread_blocked, id=900, stack(0x00000068eff00000,0x00000068f0000000)]
  0x000001aeef8e7cd0 JavaThread "Reconciler-1" daemon [_thread_blocked, id=8420, stack(0x00000068f0e00000,0x00000068f0f00000)]
  0x000001aeef8e2fd0 JavaThread "pool-6-thread-1" [_thread_blocked, id=9604, stack(0x00000068f1100000,0x00000068f1200000)]
  0x000001aeef8e5b20 JavaThread "pool-10-thread-1" [_thread_blocked, id=5208, stack(0x00000068f1200000,0x00000068f1300000)]
  0x000001aeef8e47e0 JavaThread "pool-10-thread-2" [_thread_blocked, id=6044, stack(0x00000068f1300000,0x00000068f1400000)]
  0x000001aeef8e5180 JavaThread "pool-10-thread-3" [_thread_blocked, id=1900, stack(0x00000068f0300000,0x00000068f0400000)]

Other Threads:
=>0x000001aeed619920 VMThread "VM Thread" [stack: 0x00000068ee300000,0x00000068ee400000] [id=108]
  0x000001aeee1d3700 WatcherThread [stack: 0x00000068eef00000,0x00000068ef000000] [id=13772]
  0x000001aee12711a0 GCTaskThread "GC Thread#0" [stack: 0x00000068ede00000,0x00000068edf00000] [id=14156]
  0x000001aeee5e5870 GCTaskThread "GC Thread#1" [stack: 0x00000068eec00000,0x00000068eed00000] [id=3608]
  0x000001aeee0d4a50 GCTaskThread "GC Thread#2" [stack: 0x00000068eed00000,0x00000068eee00000] [id=11716]
  0x000001aeeebd0000 GCTaskThread "GC Thread#3" [stack: 0x00000068ef200000,0x00000068ef300000] [id=7172]
  0x000001aee1279d20 ConcurrentGCThread "G1 Main Marker" [stack: 0x00000068edf00000,0x00000068ee000000] [id=6484]
  0x000001aee127b740 ConcurrentGCThread "G1 Conc#0" [stack: 0x00000068ee000000,0x00000068ee100000] [id=13928]
  0x000001aee12c7370 ConcurrentGCThread "G1 Refine#0" [stack: 0x00000068ee100000,0x00000068ee200000] [id=2444]
  0x000001aeef9552f0 ConcurrentGCThread "G1 Refine#1" [stack: 0x00000068f0f00000,0x00000068f1000000] [id=9304]
  0x000001aeef9df9c0 ConcurrentGCThread "G1 Refine#2" [stack: 0x00000068f1000000,0x00000068f1100000] [id=7640]
  0x000001aeef586d00 ConcurrentGCThread "G1 Refine#3" [stack: 0x00000068efd00000,0x00000068efe00000] [id=5648]
  0x000001aee12c7d90 ConcurrentGCThread "G1 Service" [stack: 0x00000068ee200000,0x00000068ee300000] [id=7392]

Threads with active compile tasks:

VM state: at safepoint (normal execution)

VM Mutex/Monitor currently owned by a thread:  ([mutex/lock_event])
[0x000001aee1067250] Threads_lock - owner thread: 0x000001aeed619920
[0x000001aee12227e0] Heap_lock - owner thread: 0x000001aeee9fc0c0

Heap address: 0x00000000c1e00000, size: 994 MB, Compressed Oops mode: 32-bit

CDS archive(s) not mapped
Compressed class space mapped at: 0x0000000100000000-0x0000000140000000, reserved size: 1073741824
Narrow klass base: 0x0000000000000000, Narrow klass shift: 3, Narrow klass range: 0x140000000

GC Precious Log:
 CPUs: 4 total, 4 available
 Memory: 3970M
 Large Page Support: Disabled
 NUMA Support: Disabled
 Compressed Oops: Enabled (32-bit)
 Heap Region Size: 1M
 Heap Min Capacity: 8M
 Heap Initial Capacity: 64M
 Heap Max Capacity: 994M
 Pre-touch: Disabled
 Parallel Workers: 4
 Concurrent Workers: 1
 Concurrent Refinement Workers: 4
 Periodic GC: Disabled

Heap:
 garbage-first heap   total 137216K, used 39935K [0x00000000c1e00000, 0x0000000100000000)
  region size 1024K, 1 young (1024K), 0 survivors (0K)
 Metaspace       used 64665K, committed 65088K, reserved 1105920K
  class space    used 8713K, committed 8896K, reserved 1048576K

Heap Regions: E=young(eden), S=young(survivor), O=old, HS=humongous(starts), HC=humongous(continues), CS=collection set, F=free, OA=open archive, CA=closed archive, TAMS=top-at-mark-start (previous, next)
|   0|0x00000000c1e00000, 0x00000000c1f00000, 0x00000000c1f00000|100%| O|  |TAMS 0x00000000c1f00000, 0x00000000c1e00000| Untracked 
|   1|0x00000000c1f00000, 0x00000000c1fffff8, 0x00000000c2000000| 99%| O|  |TAMS 0x00000000c1fffff8, 0x00000000c1f00000| Untracked 
|   2|0x00000000c2000000, 0x00000000c2100000, 0x00000000c2100000|100%| O|  |TAMS 0x00000000c2100000, 0x00000000c2000000| Untracked 
|   3|0x00000000c2100000, 0x00000000c2200000, 0x00000000c2200000|100%| O|  |TAMS 0x00000000c2200000, 0x00000000c2100000| Untracked 
|   4|0x00000000c2200000, 0x00000000c22fdc90, 0x00000000c2300000| 99%| O|  |TAMS 0x00000000c22fdc90, 0x00000000c2200000| Untracked 
|   5|0x00000000c2300000, 0x00000000c23fffe8, 0x00000000c2400000| 99%| O|  |TAMS 0x00000000c23fffe8, 0x00000000c2300000| Untracked 
|   6|0x00000000c2400000, 0x00000000c24ffff0, 0x00000000c2500000| 99%| O|  |TAMS 0x00000000c24ffff0, 0x00000000c2400000| Untracked 
|   7|0x00000000c2500000, 0x00000000c25ffff8, 0x00000000c2600000| 99%| O|  |TAMS 0x00000000c25ffff8, 0x00000000c2500000| Untracked 
|   8|0x00000000c2600000, 0x00000000c26fffd0, 0x00000000c2700000| 99%| O|  |TAMS 0x00000000c26fffd0, 0x00000000c2600000| Untracked 
|   9|0x00000000c2700000, 0x00000000c27f84b8, 0x00000000c2800000| 96%| O|  |TAMS 0x00000000c27f84b8, 0x00000000c2700000| Untracked 
|  10|0x00000000c2800000, 0x00000000c28fffb0, 0x00000000c2900000| 99%| O|  |TAMS 0x00000000c28fffb0, 0x00000000c2800000| Untracked 
|  11|0x00000000c2900000, 0x00000000c29ffff8, 0x00000000c2a00000| 99%| O|  |TAMS 0x00000000c29ffff8, 0x00000000c2900000| Untracked 
|  12|0x00000000c2a00000, 0x00000000c2b00000, 0x00000000c2b00000|100%| O|  |TAMS 0x00000000c2b00000, 0x00000000c2a00000| Untracked 
|  13|0x00000000c2b00000, 0x00000000c2c00000, 0x00000000c2c00000|100%| O|  |TAMS 0x00000000c2c00000, 0x00000000c2b00000| Untracked 
|  14|0x00000000c2c00000, 0x00000000c2cfefd8, 0x00000000c2d00000| 99%| O|  |TAMS 0x00000000c2cfefd8, 0x00000000c2c00000| Untracked 
|  15|0x00000000c2d00000, 0x00000000c2dfffe8, 0x00000000c2e00000| 99%| O|  |TAMS 0x00000000c2dfffe8, 0x00000000c2d00000| Untracked 
|  16|0x00000000c2e00000, 0x00000000c2ef9c88, 0x00000000c2f00000| 97%| O|  |TAMS 0x00000000c2ef9c88, 0x00000000c2e00000| Untracked 
|  17|0x00000000c2f00000, 0x00000000c2fffff8, 0x00000000c3000000| 99%| O|  |TAMS 0x00000000c2fffff8, 0x00000000c2f00000| Untracked 
|  18|0x00000000c3000000, 0x00000000c30fab18, 0x00000000c3100000| 97%| O|  |TAMS 0x00000000c30fab18, 0x00000000c3000000| Untracked 
|  19|0x00000000c3100000, 0x00000000c31fffe0, 0x00000000c3200000| 99%| O|  |TAMS 0x00000000c31fffe0, 0x00000000c3100000| Untracked 
|  20|0x00000000c3200000, 0x00000000c32ffff0, 0x00000000c3300000| 99%| O|  |TAMS 0x00000000c32ffff0, 0x00000000c3200000| Untracked 
|  21|0x00000000c3300000, 0x00000000c33ffff0, 0x00000000c3400000| 99%| O|  |TAMS 0x00000000c33ffff0, 0x00000000c3300000| Untracked 
|  22|0x00000000c3400000, 0x00000000c34ffff8, 0x00000000c3500000| 99%| O|  |TAMS 0x00000000c34ffff8, 0x00000000c3400000| Untracked 
|  23|0x00000000c3500000, 0x00000000c35fc1f8, 0x00000000c3600000| 98%| O|  |TAMS 0x00000000c35fc1f8, 0x00000000c3500000| Untracked 
|  24|0x00000000c3600000, 0x00000000c36ffff8, 0x00000000c3700000| 99%| O|  |TAMS 0x00000000c36ffff8, 0x00000000c3600000| Untracked 
|  25|0x00000000c3700000, 0x00000000c37fffe8, 0x00000000c3800000| 99%| O|  |TAMS 0x00000000c37fffe8, 0x00000000c3700000| Untracked 
|  26|0x00000000c3800000, 0x00000000c3900000, 0x00000000c3900000|100%| O|  |TAMS 0x00000000c3900000, 0x00000000c3800000| Untracked 
|  27|0x00000000c3900000, 0x00000000c3a00000, 0x00000000c3a00000|100%| O|  |TAMS 0x00000000c3a00000, 0x00000000c3900000| Untracked 
|  28|0x00000000c3a00000, 0x00000000c3b00000, 0x00000000c3b00000|100%| O|  |TAMS 0x00000000c3b00000, 0x00000000c3a00000| Untracked 
|  29|0x00000000c3b00000, 0x00000000c3c00000, 0x00000000c3c00000|100%| O|  |TAMS 0x00000000c3c00000, 0x00000000c3b00000| Untracked 
|  30|0x00000000c3c00000, 0x00000000c3cffe08, 0x00000000c3d00000| 99%| O|  |TAMS 0x00000000c3cffe08, 0x00000000c3c00000| Untracked 
|  31|0x00000000c3d00000, 0x00000000c3e00000, 0x00000000c3e00000|100%| O|  |TAMS 0x00000000c3e00000, 0x00000000c3d00000| Untracked 
|  32|0x00000000c3e00000, 0x00000000c3efffe0, 0x00000000c3f00000| 99%| O|  |TAMS 0x00000000c3efffe0, 0x00000000c3e00000| Untracked 
|  33|0x00000000c3f00000, 0x00000000c3fffff0, 0x00000000c4000000| 99%| O|  |TAMS 0x00000000c3fffff0, 0x00000000c3f00000| Untracked 
|  34|0x00000000c4000000, 0x00000000c40178b0, 0x00000000c4100000|  9%| O|  |TAMS 0x00000000c4000000, 0x00000000c4000000| Untracked 
|  35|0x00000000c4100000, 0x00000000c4102c40, 0x00000000c4200000|  1%| O|  |TAMS 0x00000000c4100000, 0x00000000c4100000| Untracked 
|  36|0x00000000c4200000, 0x00000000c4200000, 0x00000000c4300000|  0%| F|  |TAMS 0x00000000c4200000, 0x00000000c4200000| Untracked 
|  37|0x00000000c4300000, 0x00000000c4300000, 0x00000000c4400000|  0%| F|  |TAMS 0x00000000c4300000, 0x00000000c4300000| Untracked 
|  38|0x00000000c4400000, 0x00000000c4400000, 0x00000000c4500000|  0%| F|  |TAMS 0x00000000c4400000, 0x00000000c4400000| Untracked 
|  39|0x00000000c4500000, 0x00000000c4500000, 0x00000000c4600000|  0%| F|  |TAMS 0x00000000c4500000, 0x00000000c4500000| Untracked 
|  40|0x00000000c4600000, 0x00000000c4600000, 0x00000000c4700000|  0%| F|  |TAMS 0x00000000c4600000, 0x00000000c4600000| Untracked 
|  41|0x00000000c4700000, 0x00000000c4700000, 0x00000000c4800000|  0%| F|  |TAMS 0x00000000c4700000, 0x00000000c4700000| Untracked 
|  42|0x00000000c4800000, 0x00000000c4800000, 0x00000000c4900000|  0%| F|  |TAMS 0x00000000c4800000, 0x00000000c4800000| Untracked 
|  43|0x00000000c4900000, 0x00000000c4900000, 0x00000000c4a00000|  0%| F|  |TAMS 0x00000000c4900000, 0x00000000c4900000| Untracked 
|  44|0x00000000c4a00000, 0x00000000c4a00000, 0x00000000c4b00000|  0%| F|  |TAMS 0x00000000c4a00000, 0x00000000c4a00000| Untracked 
|  45|0x00000000c4b00000, 0x00000000c4b00000, 0x00000000c4c00000|  0%| F|  |TAMS 0x00000000c4b00000, 0x00000000c4b00000| Untracked 
|  46|0x00000000c4c00000, 0x00000000c4c00000, 0x00000000c4d00000|  0%| F|  |TAMS 0x00000000c4c00000, 0x00000000c4c00000| Untracked 
|  47|0x00000000c4d00000, 0x00000000c4d00000, 0x00000000c4e00000|  0%| F|  |TAMS 0x00000000c4d00000, 0x00000000c4d00000| Untracked 
|  48|0x00000000c4e00000, 0x00000000c4e00000, 0x00000000c4f00000|  0%| F|  |TAMS 0x00000000c4e00000, 0x00000000c4e00000| Untracked 
|  49|0x00000000c4f00000, 0x00000000c4f00000, 0x00000000c5000000|  0%| F|  |TAMS 0x00000000c4f00000, 0x00000000c4f00000| Untracked 
|  50|0x00000000c5000000, 0x00000000c5000000, 0x00000000c5100000|  0%| F|  |TAMS 0x00000000c5000000, 0x00000000c5000000| Untracked 
|  51|0x00000000c5100000, 0x00000000c5200000, 0x00000000c5200000|100%|HS|  |TAMS 0x00000000c5200000, 0x00000000c5100000| Untracked 
|  52|0x00000000c5200000, 0x00000000c5300000, 0x00000000c5300000|100%|HC|  |TAMS 0x00000000c5300000, 0x00000000c5200000| Untracked 
|  53|0x00000000c5300000, 0x00000000c5400000, 0x00000000c5400000|100%|HS|  |TAMS 0x00000000c5400000, 0x00000000c5300000| Untracked 
|  54|0x00000000c5400000, 0x00000000c5500000, 0x00000000c5500000|100%|HS|  |TAMS 0x00000000c5500000, 0x00000000c5400000| Untracked 
|  55|0x00000000c5500000, 0x00000000c5500000, 0x00000000c5600000|  0%| F|  |TAMS 0x00000000c5500000, 0x00000000c5500000| Untracked 
|  56|0x00000000c5600000, 0x00000000c5600000, 0x00000000c5700000|  0%| F|  |TAMS 0x00000000c5600000, 0x00000000c5600000| Untracked 
|  57|0x00000000c5700000, 0x00000000c5700000, 0x00000000c5800000|  0%| F|  |TAMS 0x00000000c5700000, 0x00000000c5700000| Untracked 
|  58|0x00000000c5800000, 0x00000000c5800000, 0x00000000c5900000|  0%| F|  |TAMS 0x00000000c5800000, 0x00000000c5800000| Untracked 
|  59|0x00000000c5900000, 0x00000000c5900000, 0x00000000c5a00000|  0%| F|  |TAMS 0x00000000c5900000, 0x00000000c5900000| Untracked 
|  60|0x00000000c5a00000, 0x00000000c5a00000, 0x00000000c5b00000|  0%| F|  |TAMS 0x00000000c5a00000, 0x00000000c5a00000| Untracked 
|  61|0x00000000c5b00000, 0x00000000c5b00000, 0x00000000c5c00000|  0%| F|  |TAMS 0x00000000c5b00000, 0x00000000c5b00000| Untracked 
|  62|0x00000000c5c00000, 0x00000000c5c00000, 0x00000000c5d00000|  0%| F|  |TAMS 0x00000000c5c00000, 0x00000000c5c00000| Untracked 
|  63|0x00000000c5d00000, 0x00000000c5d00000, 0x00000000c5e00000|  0%| F|  |TAMS 0x00000000c5d00000, 0x00000000c5d00000| Untracked 
|  64|0x00000000c5e00000, 0x00000000c5e00000, 0x00000000c5f00000|  0%| F|  |TAMS 0x00000000c5e00000, 0x00000000c5e00000| Untracked 
|  65|0x00000000c5f00000, 0x00000000c6000000, 0x00000000c6000000|100%| O|  |TAMS 0x00000000c6000000, 0x00000000c5f00000| Untracked 
|  66|0x00000000c6000000, 0x00000000c6000000, 0x00000000c6100000|  0%| F|  |TAMS 0x00000000c6000000, 0x00000000c6000000| Untracked 
|  67|0x00000000c6100000, 0x00000000c6100000, 0x00000000c6200000|  0%| F|  |TAMS 0x00000000c6100000, 0x00000000c6100000| Untracked 
|  68|0x00000000c6200000, 0x00000000c6200000, 0x00000000c6300000|  0%| F|  |TAMS 0x00000000c6200000, 0x00000000c6200000| Untracked 
|  69|0x00000000c6300000, 0x00000000c6300000, 0x00000000c6400000|  0%| F|  |TAMS 0x00000000c6300000, 0x00000000c6300000| Untracked 
|  70|0x00000000c6400000, 0x00000000c6400000, 0x00000000c6500000|  0%| F|  |TAMS 0x00000000c6400000, 0x00000000c6400000| Untracked 
|  71|0x00000000c6500000, 0x00000000c6500000, 0x00000000c6600000|  0%| F|  |TAMS 0x00000000c6500000, 0x00000000c6500000| Untracked 
|  72|0x00000000c6600000, 0x00000000c6600000, 0x00000000c6700000|  0%| F|  |TAMS 0x00000000c6600000, 0x00000000c6600000| Untracked 
|  73|0x00000000c6700000, 0x00000000c6700000, 0x00000000c6800000|  0%| F|  |TAMS 0x00000000c6700000, 0x00000000c6700000| Untracked 
|  74|0x00000000c6800000, 0x00000000c6800000, 0x00000000c6900000|  0%| F|  |TAMS 0x00000000c6800000, 0x00000000c6800000| Untracked 
|  75|0x00000000c6900000, 0x00000000c6900000, 0x00000000c6a00000|  0%| F|  |TAMS 0x00000000c6900000, 0x00000000c6900000| Untracked 
|  76|0x00000000c6a00000, 0x00000000c6a00000, 0x00000000c6b00000|  0%| F|  |TAMS 0x00000000c6a00000, 0x00000000c6a00000| Untracked 
|  77|0x00000000c6b00000, 0x00000000c6b00000, 0x00000000c6c00000|  0%| F|  |TAMS 0x00000000c6b00000, 0x00000000c6b00000| Untracked 
|  78|0x00000000c6c00000, 0x00000000c6c00000, 0x00000000c6d00000|  0%| F|  |TAMS 0x00000000c6c00000, 0x00000000c6c00000| Untracked 
|  79|0x00000000c6d00000, 0x00000000c6d00000, 0x00000000c6e00000|  0%| F|  |TAMS 0x00000000c6d00000, 0x00000000c6d00000| Untracked 
|  80|0x00000000c6e00000, 0x00000000c6e00000, 0x00000000c6f00000|  0%| F|  |TAMS 0x00000000c6e00000, 0x00000000c6e00000| Untracked 
|  81|0x00000000c6f00000, 0x00000000c6f00000, 0x00000000c7000000|  0%| F|  |TAMS 0x00000000c6f00000, 0x00000000c6f00000| Untracked 
|  82|0x00000000c7000000, 0x00000000c7000000, 0x00000000c7100000|  0%| F|  |TAMS 0x00000000c7000000, 0x00000000c7000000| Untracked 
|  83|0x00000000c7100000, 0x00000000c7100000, 0x00000000c7200000|  0%| F|  |TAMS 0x00000000c7100000, 0x00000000c7100000| Untracked 
|  84|0x00000000c7200000, 0x00000000c7200000, 0x00000000c7300000|  0%| F|  |TAMS 0x00000000c7200000, 0x00000000c7200000| Untracked 
|  85|0x00000000c7300000, 0x00000000c7300000, 0x00000000c7400000|  0%| F|  |TAMS 0x00000000c7300000, 0x00000000c7300000| Untracked 
|  86|0x00000000c7400000, 0x00000000c7400000, 0x00000000c7500000|  0%| F|  |TAMS 0x00000000c7400000, 0x00000000c7400000| Untracked 
|  87|0x00000000c7500000, 0x00000000c7500000, 0x00000000c7600000|  0%| F|  |TAMS 0x00000000c7500000, 0x00000000c7500000| Untracked 
|  88|0x00000000c7600000, 0x00000000c7600000, 0x00000000c7700000|  0%| F|  |TAMS 0x00000000c7600000, 0x00000000c7600000| Untracked 
|  89|0x00000000c7700000, 0x00000000c7700000, 0x00000000c7800000|  0%| F|  |TAMS 0x00000000c7700000, 0x00000000c7700000| Untracked 
|  90|0x00000000c7800000, 0x00000000c7800000, 0x00000000c7900000|  0%| F|  |TAMS 0x00000000c7800000, 0x00000000c7800000| Untracked 
|  91|0x00000000c7900000, 0x00000000c7900000, 0x00000000c7a00000|  0%| F|  |TAMS 0x00000000c7900000, 0x00000000c7900000| Untracked 
|  92|0x00000000c7a00000, 0x00000000c7a00000, 0x00000000c7b00000|  0%| F|  |TAMS 0x00000000c7a00000, 0x00000000c7a00000| Untracked 
|  93|0x00000000c7b00000, 0x00000000c7b00000, 0x00000000c7c00000|  0%| F|  |TAMS 0x00000000c7b00000, 0x00000000c7b00000| Untracked 
|  94|0x00000000c7c00000, 0x00000000c7c00000, 0x00000000c7d00000|  0%| F|  |TAMS 0x00000000c7c00000, 0x00000000c7c00000| Untracked 
|  95|0x00000000c7d00000, 0x00000000c7d00000, 0x00000000c7e00000|  0%| F|  |TAMS 0x00000000c7d00000, 0x00000000c7d00000| Untracked 
|  96|0x00000000c7e00000, 0x00000000c7e00000, 0x00000000c7f00000|  0%| F|  |TAMS 0x00000000c7e00000, 0x00000000c7e00000| Untracked 
|  97|0x00000000c7f00000, 0x00000000c7f00000, 0x00000000c8000000|  0%| F|  |TAMS 0x00000000c7f00000, 0x00000000c7f00000| Untracked 
|  98|0x00000000c8000000, 0x00000000c8000000, 0x00000000c8100000|  0%| F|  |TAMS 0x00000000c8000000, 0x00000000c8000000| Untracked 
|  99|0x00000000c8100000, 0x00000000c8100000, 0x00000000c8200000|  0%| F|  |TAMS 0x00000000c8100000, 0x00000000c8100000| Untracked 
| 100|0x00000000c8200000, 0x00000000c8200000, 0x00000000c8300000|  0%| F|  |TAMS 0x00000000c8200000, 0x00000000c8200000| Untracked 
| 101|0x00000000c8300000, 0x00000000c8300000, 0x00000000c8400000|  0%| F|  |TAMS 0x00000000c8300000, 0x00000000c8300000| Untracked 
| 102|0x00000000c8400000, 0x00000000c8400000, 0x00000000c8500000|  0%| F|  |TAMS 0x00000000c8400000, 0x00000000c8400000| Untracked 
| 103|0x00000000c8500000, 0x00000000c8500000, 0x00000000c8600000|  0%| F|  |TAMS 0x00000000c8500000, 0x00000000c8500000| Untracked 
| 104|0x00000000c8600000, 0x00000000c8600000, 0x00000000c8700000|  0%| F|  |TAMS 0x00000000c8600000, 0x00000000c8600000| Untracked 
| 105|0x00000000c8700000, 0x00000000c8700000, 0x00000000c8800000|  0%| F|  |TAMS 0x00000000c8700000, 0x00000000c8700000| Untracked 
| 106|0x00000000c8800000, 0x00000000c8800000, 0x00000000c8900000|  0%| F|  |TAMS 0x00000000c8800000, 0x00000000c8800000| Untracked 
| 107|0x00000000c8900000, 0x00000000c8900000, 0x00000000c8a00000|  0%| F|  |TAMS 0x00000000c8900000, 0x00000000c8900000| Untracked 
| 108|0x00000000c8a00000, 0x00000000c8a00000, 0x00000000c8b00000|  0%| F|  |TAMS 0x00000000c8a00000, 0x00000000c8a00000| Untracked 
| 109|0x00000000c8b00000, 0x00000000c8b00000, 0x00000000c8c00000|  0%| F|  |TAMS 0x00000000c8b00000, 0x00000000c8b00000| Untracked 
| 110|0x00000000c8c00000, 0x00000000c8c00000, 0x00000000c8d00000|  0%| F|  |TAMS 0x00000000c8c00000, 0x00000000c8c00000| Untracked 
| 111|0x00000000c8d00000, 0x00000000c8d00000, 0x00000000c8e00000|  0%| F|  |TAMS 0x00000000c8d00000, 0x00000000c8d00000| Untracked 
| 112|0x00000000c8e00000, 0x00000000c8e00000, 0x00000000c8f00000|  0%| F|  |TAMS 0x00000000c8e00000, 0x00000000c8e00000| Untracked 
| 113|0x00000000c8f00000, 0x00000000c8f00000, 0x00000000c9000000|  0%| F|  |TAMS 0x00000000c8f00000, 0x00000000c8f00000| Untracked 
| 114|0x00000000c9000000, 0x00000000c9000000, 0x00000000c9100000|  0%| F|  |TAMS 0x00000000c9000000, 0x00000000c9000000| Untracked 
| 115|0x00000000c9100000, 0x00000000c9100000, 0x00000000c9200000|  0%| F|  |TAMS 0x00000000c9100000, 0x00000000c9100000| Untracked 
| 116|0x00000000c9200000, 0x00000000c9200000, 0x00000000c9300000|  0%| F|  |TAMS 0x00000000c9200000, 0x00000000c9200000| Untracked 
| 117|0x00000000c9300000, 0x00000000c9300000, 0x00000000c9400000|  0%| F|  |TAMS 0x00000000c9300000, 0x00000000c9300000| Untracked 
| 118|0x00000000c9400000, 0x00000000c9400000, 0x00000000c9500000|  0%| F|  |TAMS 0x00000000c9400000, 0x00000000c9400000| Untracked 
| 119|0x00000000c9500000, 0x00000000c9500000, 0x00000000c9600000|  0%| F|  |TAMS 0x00000000c9500000, 0x00000000c9500000| Untracked 
| 120|0x00000000c9600000, 0x00000000c9600000, 0x00000000c9700000|  0%| F|  |TAMS 0x00000000c9600000, 0x00000000c9600000| Untracked 
| 121|0x00000000c9700000, 0x00000000c9700000, 0x00000000c9800000|  0%| F|  |TAMS 0x00000000c9700000, 0x00000000c9700000| Untracked 
| 122|0x00000000c9800000, 0x00000000c9800000, 0x00000000c9900000|  0%| F|  |TAMS 0x00000000c9800000, 0x00000000c9800000| Untracked 
| 123|0x00000000c9900000, 0x00000000c9900000, 0x00000000c9a00000|  0%| F|  |TAMS 0x00000000c9900000, 0x00000000c9900000| Untracked 
| 124|0x00000000c9a00000, 0x00000000c9a00000, 0x00000000c9b00000|  0%| F|  |TAMS 0x00000000c9a00000, 0x00000000c9a00000| Untracked 
| 125|0x00000000c9b00000, 0x00000000c9b00000, 0x00000000c9c00000|  0%| F|  |TAMS 0x00000000c9b00000, 0x00000000c9b00000| Untracked 
| 126|0x00000000c9c00000, 0x00000000c9c00000, 0x00000000c9d00000|  0%| F|  |TAMS 0x00000000c9c00000, 0x00000000c9c00000| Untracked 
| 127|0x00000000c9d00000, 0x00000000c9d00000, 0x00000000c9e00000|  0%| F|  |TAMS 0x00000000c9d00000, 0x00000000c9d00000| Untracked 
| 128|0x00000000c9e00000, 0x00000000c9e00000, 0x00000000c9f00000|  0%| F|  |TAMS 0x00000000c9e00000, 0x00000000c9e00000| Untracked 
| 129|0x00000000c9f00000, 0x00000000c9f00000, 0x00000000ca000000|  0%| F|  |TAMS 0x00000000c9f00000, 0x00000000c9f00000| Untracked 
| 130|0x00000000ca000000, 0x00000000ca000000, 0x00000000ca100000|  0%| F|  |TAMS 0x00000000ca000000, 0x00000000ca000000| Untracked 
| 131|0x00000000ca100000, 0x00000000ca100000, 0x00000000ca200000|  0%| F|  |TAMS 0x00000000ca100000, 0x00000000ca100000| Untracked 
| 132|0x00000000ca200000, 0x00000000ca200000, 0x00000000ca300000|  0%| F|  |TAMS 0x00000000ca200000, 0x00000000ca200000| Untracked 
| 133|0x00000000ca300000, 0x00000000ca3060b0, 0x00000000ca400000|  2%| E|  |TAMS 0x00000000ca300000, 0x00000000ca300000| Complete 

Card table byte_map: [0x000001aee8d30000,0x000001aee8f30000] _byte_map_base: 0x000001aee8721000

Marking Bits (Prev, Next): (CMBitMap*) 0x000001aee12717b0, (CMBitMap*) 0x000001aee12717f0
 Prev Bits: [0x000001aee9130000, 0x000001aeea0b8000)
 Next Bits: [0x000001aeea0c0000, 0x000001aeeb048000)

Polling page: 0x000001aee0ff0000

Metaspace:

Usage:
  Non-class:     54.64 MB used.
      Class:      8.51 MB used.
       Both:     63.15 MB used.

Virtual space:
  Non-class space:       56.00 MB reserved,      54.88 MB ( 98%) committed,  7 nodes.
      Class space:        1.00 GB reserved,       8.69 MB ( <1%) committed,  1 nodes.
             Both:        1.05 GB reserved,      63.56 MB (  6%) committed. 

Chunk freelists:
   Non-Class:  989.00 KB
       Class:  3.29 MB
        Both:  4.26 MB

MaxMetaspaceSize: unlimited
CompressedClassSpaceSize: 1.00 GB
Initial GC threshold: 21.00 MB
Current GC threshold: 105.88 MB
CDS: off
MetaspaceReclaimPolicy: balanced
 - commit_granule_bytes: 65536.
 - commit_granule_words: 8192.
 - virtual_space_node_default_size: 1048576.
 - enlarge_chunks_in_place: 1.
 - new_chunks_are_fully_committed: 0.
 - uncommit_free_chunks: 1.
 - use_allocation_guard: 0.
 - handle_deallocations: 1.


Internal statistics:

num_allocs_failed_limit: 6.
num_arena_births: 686.
num_arena_deaths: 208.
num_vsnodes_births: 8.
num_vsnodes_deaths: 0.
num_space_committed: 1017.
num_space_uncommitted: 0.
num_chunks_returned_to_freelist: 251.
num_chunks_taken_from_freelist: 2738.
num_chunk_merges: 80.
num_chunk_splits: 1915.
num_chunks_enlarged: 1476.
num_purges: 10.
num_inconsistent_stats: 0.

CodeCache: size=49152Kb used=15615Kb max_used=16545Kb free=33536Kb
 bounds [0x000001aee5680000, 0x000001aee6710000, 0x000001aee8680000]
 total_blobs=9121 nmethods=8462 adapters=586
 compilation: enabled
              stopped_count=0, restarted_count=0
 full_count=0

Compilation events (20 events):
Event: 4546.042 Thread 0x000001aeed6660a0 8720   !   1       reactor.core.publisher.MonoIgnoreThen$ThenIgnoreMain::subscribeNext (168 bytes)
Event: 4546.211 Thread 0x000001aeed6660a0 nmethod 8720 0x000001aee5fd1a90 code [0x000001aee5fd1d20, 0x000001aee5fd2398]
Event: 4547.524 Thread 0x000001aeed6660a0 8722       1       org.eclipse.lsp4j.FileEvent::getType (5 bytes)
Event: 4547.562 Thread 0x000001aeed6660a0 nmethod 8722 0x000001aee5fd1790 code [0x000001aee5fd1920, 0x000001aee5fd19f8]
Event: 4757.876 Thread 0x000001aeed6660a0 8723       1       java.lang.ProcessImpl::createCommandLine (303 bytes)
Event: 4758.569 Thread 0x000001aeed6660a0 nmethod 8723 0x000001aee62eeb10 code [0x000001aee62eede0, 0x000001aee62ef708]
Event: 4886.608 Thread 0x000001aeed6660a0 8724       1       sun.security.action.GetPropertyAction::privilegedGetProperty (28 bytes)
Event: 4888.727 Thread 0x000001aeed6660a0 nmethod 8724 0x000001aee5fd0e10 code [0x000001aee5fd1020, 0x000001aee5fd1498]
Event: 4960.884 Thread 0x000001aeed6660a0 8725       1       java.io.FilterOutputStream::<init> (21 bytes)
Event: 4961.204 Thread 0x000001aeed6660a0 nmethod 8725 0x000001aee5fd0a10 code [0x000001aee5fd0ba0, 0x000001aee5fd0d58]
Event: 5017.447 Thread 0x000001aeed6660a0 8726       1       java.io.BufferedOutputStream::<init> (27 bytes)
Event: 5017.656 Thread 0x000001aeed6660a0 nmethod 8726 0x000001aee5fd0410 code [0x000001aee5fd05c0, 0x000001aee5fd0928]
Event: 5038.869 Thread 0x000001aeed6660a0 8727       1       java.io.FileOutputStream::<init> (59 bytes)
Event: 5039.434 Thread 0x000001aeed6660a0 nmethod 8727 0x000001aee62ee210 code [0x000001aee62ee400, 0x000001aee62ee8c8]
Event: 5049.299 Thread 0x000001aeed6660a0 8730       1       java.lang.ProcessHandleImpl::<init> (27 bytes)
Event: 5049.314 Thread 0x000001aeed6660a0 nmethod 8730 0x000001aee62edb10 code [0x000001aee62edca0, 0x000001aee62edd98]
Event: 5049.386 Thread 0x000001aeed6660a0 8731   !   1       java.io.FileOutputStream::close (69 bytes)
Event: 5049.795 Thread 0x000001aeed6660a0 nmethod 8731 0x000001aee62ed490 code [0x000001aee62ed660, 0x000001aee62ed9d8]
Event: 5059.489 Thread 0x000001aeed6660a0 8734       1       java.lang.ProcessBuilder::environment (147 bytes)
Event: 5060.802 Thread 0x000001aeed6660a0 nmethod 8734 0x000001aee62ec390 code [0x000001aee62ec5e0, 0x000001aee62ecb28]

GC Heap History (20 events):
Event: 5237.970 GC heap before
{Heap before GC invocations=342 (full 271):
 garbage-first heap   total 137216K, used 39935K [0x00000000c1e00000, 0x0000000100000000)
  region size 1024K, 1 young (1024K), 0 survivors (0K)
 Metaspace       used 64665K, committed 65088K, reserved 1105920K
  class space    used 8713K, committed 8896K, reserved 1048576K
}
Event: 5238.017 GC heap after
{Heap after GC invocations=343 (full 272):
 garbage-first heap   total 137216K, used 39935K [0x00000000c1e00000, 0x0000000100000000)
  region size 1024K, 0 young (0K), 0 survivors (0K)
 Metaspace       used 64665K, committed 65088K, reserved 1105920K
  class space    used 8713K, committed 8896K, reserved 1048576K
}
Event: 5249.166 GC heap before
{Heap before GC invocations=343 (full 272):
 garbage-first heap   total 137216K, used 39935K [0x00000000c1e00000, 0x0000000100000000)
  region size 1024K, 1 young (1024K), 0 survivors (0K)
 Metaspace       used 64665K, committed 65088K, reserved 1105920K
  class space    used 8713K, committed 8896K, reserved 1048576K
}
Event: 5249.222 GC heap after
{Heap after GC invocations=344 (full 273):
 garbage-first heap   total 137216K, used 39935K [0x00000000c1e00000, 0x0000000100000000)
  region size 1024K, 0 young (0K), 0 survivors (0K)
 Metaspace       used 64665K, committed 65088K, reserved 1105920K
  class space    used 8713K, committed 8896K, reserved 1048576K
}
Event: 5260.909 GC heap before
{Heap before GC invocations=344 (full 273):
 garbage-first heap   total 137216K, used 39935K [0x00000000c1e00000, 0x0000000100000000)
  region size 1024K, 1 young (1024K), 0 survivors (0K)
 Metaspace       used 64665K, committed 65088K, reserved 1105920K
  class space    used 8713K, committed 8896K, reserved 1048576K
}
Event: 5260.964 GC heap after
{Heap after GC invocations=345 (full 274):
 garbage-first heap   total 137216K, used 39935K [0x00000000c1e00000, 0x0000000100000000)
  region size 1024K, 0 young (0K), 0 survivors (0K)
 Metaspace       used 64665K, committed 65088K, reserved 1105920K
  class space    used 8713K, committed 8896K, reserved 1048576K
}
Event: 5274.688 GC heap before
{Heap before GC invocations=345 (full 274):
 garbage-first heap   total 137216K, used 39935K [0x00000000c1e00000, 0x0000000100000000)
  region size 1024K, 1 young (1024K), 0 survivors (0K)
 Metaspace       used 64665K, committed 65088K, reserved 1105920K
  class space    used 8713K, committed 8896K, reserved 1048576K
}
Event: 5274.745 GC heap after
{Heap after GC invocations=346 (full 275):
 garbage-first heap   total 137216K, used 39935K [0x00000000c1e00000, 0x0000000100000000)
  region size 1024K, 0 young (0K), 0 survivors (0K)
 Metaspace       used 64665K, committed 65088K, reserved 1105920K
  class space    used 8713K, committed 8896K, reserved 1048576K
}
Event: 5288.449 GC heap before
{Heap before GC invocations=346 (full 275):
 garbage-first heap   total 137216K, used 39935K [0x00000000c1e00000, 0x0000000100000000)
  region size 1024K, 1 young (1024K), 0 survivors (0K)
 Metaspace       used 64665K, committed 65088K, reserved 1105920K
  class space    used 8713K, committed 8896K, reserved 1048576K
}
Event: 5288.500 GC heap after
{Heap after GC invocations=347 (full 276):
 garbage-first heap   total 137216K, used 39935K [0x00000000c1e00000, 0x0000000100000000)
  region size 1024K, 0 young (0K), 0 survivors (0K)
 Metaspace       used 64665K, committed 65088K, reserved 1105920K
  class space    used 8713K, committed 8896K, reserved 1048576K
}
Event: 5298.958 GC heap before
{Heap before GC invocations=347 (full 276):
 garbage-first heap   total 137216K, used 39935K [0x00000000c1e00000, 0x0000000100000000)
  region size 1024K, 1 young (1024K), 0 survivors (0K)
 Metaspace       used 64665K, committed 65088K, reserved 1105920K
  class space    used 8713K, committed 8896K, reserved 1048576K
}
Event: 5299.015 GC heap after
{Heap after GC invocations=348 (full 277):
 garbage-first heap   total 137216K, used 39935K [0x00000000c1e00000, 0x0000000100000000)
  region size 1024K, 0 young (0K), 0 survivors (0K)
 Metaspace       used 64665K, committed 65088K, reserved 1105920K
  class space    used 8713K, committed 8896K, reserved 1048576K
}
Event: 5309.405 GC heap before
{Heap before GC invocations=348 (full 277):
 garbage-first heap   total 137216K, used 39935K [0x00000000c1e00000, 0x0000000100000000)
  region size 1024K, 1 young (1024K), 0 survivors (0K)
 Metaspace       used 64665K, committed 65088K, reserved 1105920K
  class space    used 8713K, committed 8896K, reserved 1048576K
}
Event: 5309.459 GC heap after
{Heap after GC invocations=349 (full 278):
 garbage-first heap   total 137216K, used 39935K [0x00000000c1e00000, 0x0000000100000000)
  region size 1024K, 0 young (0K), 0 survivors (0K)
 Metaspace       used 64665K, committed 65088K, reserved 1105920K
  class space    used 8713K, committed 8896K, reserved 1048576K
}
Event: 5319.638 GC heap before
{Heap before GC invocations=349 (full 278):
 garbage-first heap   total 137216K, used 39935K [0x00000000c1e00000, 0x0000000100000000)
  region size 1024K, 1 young (1024K), 0 survivors (0K)
 Metaspace       used 64665K, committed 65088K, reserved 1105920K
  class space    used 8713K, committed 8896K, reserved 1048576K
}
Event: 5319.685 GC heap after
{Heap after GC invocations=350 (full 279):
 garbage-first heap   total 137216K, used 39935K [0x00000000c1e00000, 0x0000000100000000)
  region size 1024K, 0 young (0K), 0 survivors (0K)
 Metaspace       used 64665K, committed 65088K, reserved 1105920K
  class space    used 8713K, committed 8896K, reserved 1048576K
}
Event: 5332.107 GC heap before
{Heap before GC invocations=350 (full 279):
 garbage-first heap   total 137216K, used 39935K [0x00000000c1e00000, 0x0000000100000000)
  region size 1024K, 1 young (1024K), 0 survivors (0K)
 Metaspace       used 64665K, committed 65088K, reserved 1105920K
  class space    used 8713K, committed 8896K, reserved 1048576K
}
Event: 5332.167 GC heap after
{Heap after GC invocations=351 (full 280):
 garbage-first heap   total 137216K, used 39935K [0x00000000c1e00000, 0x0000000100000000)
  region size 1024K, 0 young (0K), 0 survivors (0K)
 Metaspace       used 64665K, committed 65088K, reserved 1105920K
  class space    used 8713K, committed 8896K, reserved 1048576K
}
Event: 5344.397 GC heap before
{Heap before GC invocations=351 (full 280):
 garbage-first heap   total 137216K, used 39935K [0x00000000c1e00000, 0x0000000100000000)
  region size 1024K, 1 young (1024K), 0 survivors (0K)
 Metaspace       used 64665K, committed 65088K, reserved 1105920K
  class space    used 8713K, committed 8896K, reserved 1048576K
}
Event: 5344.450 GC heap after
{Heap after GC invocations=352 (full 281):
 garbage-first heap   total 137216K, used 39935K [0x00000000c1e00000, 0x0000000100000000)
  region size 1024K, 0 young (0K), 0 survivors (0K)
 Metaspace       used 64665K, committed 65088K, reserved 1105920K
  class space    used 8713K, committed 8896K, reserved 1048576K
}

Dll operation events (9 events):
Event: 0.046 Loaded shared library c:\Users\Murphy\.vscode\extensions\redhat.java-1.13.0-win32-x64\jre\17.0.5-win32-x86_64\bin\java.dll
Event: 1.187 Loaded shared library C:\Users\Murphy\.vscode\extensions\redhat.java-1.13.0-win32-x64\jre\17.0.5-win32-x86_64\bin\net.dll
Event: 1.190 Loaded shared library C:\Users\Murphy\.vscode\extensions\redhat.java-1.13.0-win32-x64\jre\17.0.5-win32-x86_64\bin\nio.dll
Event: 1.296 Loaded shared library C:\Users\Murphy\.vscode\extensions\redhat.java-1.13.0-win32-x64\jre\17.0.5-win32-x86_64\bin\zip.dll
Event: 11.239 Loaded shared library C:\Users\Murphy\.vscode\extensions\redhat.java-1.13.0-win32-x64\jre\17.0.5-win32-x86_64\bin\jimage.dll
Event: 14.053 Loaded shared library c:\Users\Murphy\.vscode\extensions\redhat.java-1.13.0-win32-x64\jre\17.0.5-win32-x86_64\bin\verify.dll
Event: 40.179 Loaded shared library C:\Users\Murphy\.vscode\extensions\redhat.java-1.13.0-win32-x64\jre\17.0.5-win32-x86_64\bin\management.dll
Event: 40.263 Loaded shared library C:\Users\Murphy\.vscode\extensions\redhat.java-1.13.0-win32-x64\jre\17.0.5-win32-x86_64\bin\management_ext.dll
Event: 44.089 Loaded shared library C:\Users\Murphy\.vscode\extensions\redhat.java-1.13.0-win32-x64\jre\17.0.5-win32-x86_64\bin\sunmscapi.dll

Deoptimization events (20 events):
Event: 44.606 Thread 0x000001aeef8e2fd0 DEOPT PACKING pc=0x000001aee5fd76ec sp=0x00000068f11fe610
Event: 44.606 Thread 0x000001aeef8e2fd0 DEOPT UNPACKING pc=0x000001aee56d2b43 sp=0x00000068f11fdb48 mode 0
Event: 45.852 Thread 0x000001aeef8e2fd0 DEOPT PACKING pc=0x000001aee606eeee sp=0x00000068f11fe280
Event: 45.852 Thread 0x000001aeef8e2fd0 DEOPT UNPACKING pc=0x000001aee56d2b43 sp=0x00000068f11fd778 mode 3
Event: 50.109 Thread 0x000001aeef8e2fd0 DEOPT PACKING pc=0x000001aee61dddc4 sp=0x00000068f11fe020
Event: 50.109 Thread 0x000001aeef8e2fd0 DEOPT UNPACKING pc=0x000001aee56d2b43 sp=0x00000068f11fd510 mode 3
Event: 51.777 Thread 0x000001aeef8e2fd0 DEOPT PACKING pc=0x000001aee5b69652 sp=0x00000068f11fdff0
Event: 51.777 Thread 0x000001aeef8e2fd0 DEOPT UNPACKING pc=0x000001aee56d2b43 sp=0x00000068f11fd4f8 mode 3
Event: 51.777 Thread 0x000001aeef8e2fd0 DEOPT PACKING pc=0x000001aee5b553c5 sp=0x00000068f11fdfb0
Event: 51.777 Thread 0x000001aeef8e2fd0 DEOPT UNPACKING pc=0x000001aee56d2b43 sp=0x00000068f11fd4f8 mode 3
Event: 80.815 Thread 0x000001aeef6ac6e0 DEOPT PACKING pc=0x000001aee6530674 sp=0x00000068f00fe010
Event: 80.815 Thread 0x000001aeef6ac6e0 DEOPT UNPACKING pc=0x000001aee56d2b43 sp=0x00000068f00fd508 mode 0
Event: 80.815 Thread 0x000001aeef6ac6e0 DEOPT PACKING pc=0x000001aee6500c74 sp=0x00000068f00fe0e0
Event: 80.815 Thread 0x000001aeef6ac6e0 DEOPT UNPACKING pc=0x000001aee56d2b43 sp=0x00000068f00fd5b8 mode 0
Event: 80.815 Thread 0x000001aeef6ac6e0 DEOPT PACKING pc=0x000001aee64faf24 sp=0x00000068f00fe190
Event: 80.815 Thread 0x000001aeef6ac6e0 DEOPT UNPACKING pc=0x000001aee56d2b43 sp=0x00000068f00fd710 mode 0
Event: 80.816 Thread 0x000001aeef6ac6e0 DEOPT PACKING pc=0x000001aee6545c2c sp=0x00000068f00fe4b0
Event: 80.816 Thread 0x000001aeef6ac6e0 DEOPT UNPACKING pc=0x000001aee56d2b43 sp=0x00000068f00fd940 mode 0
Event: 226.479 Thread 0x000001aeef5d2c10 DEOPT PACKING pc=0x000001aee5cbeed4 sp=0x00000068ef5fede0
Event: 226.479 Thread 0x000001aeef5d2c10 DEOPT UNPACKING pc=0x000001aee56d2b43 sp=0x00000068ef5fe268 mode 0

Classes unloaded (20 events):
Event: 219.694 Thread 0x000001aeed619920 Unloading class 0x00000001000cb800 'java/lang/invoke/LambdaForm$MH+0x00000001000cb800'
Event: 219.694 Thread 0x000001aeed619920 Unloading class 0x00000001000cb400 'java/lang/invoke/LambdaForm$MH+0x00000001000cb400'
Event: 219.694 Thread 0x000001aeed619920 Unloading class 0x00000001000cb000 'java/lang/invoke/LambdaForm$MH+0x00000001000cb000'
Event: 219.694 Thread 0x000001aeed619920 Unloading class 0x00000001000cac00 'java/lang/invoke/LambdaForm$MH+0x00000001000cac00'
Event: 219.694 Thread 0x000001aeed619920 Unloading class 0x00000001000ca800 'java/lang/invoke/LambdaForm$MH+0x00000001000ca800'
Event: 219.694 Thread 0x000001aeed619920 Unloading class 0x00000001000ca400 'java/lang/invoke/LambdaForm$MH+0x00000001000ca400'
Event: 219.694 Thread 0x000001aeed619920 Unloading class 0x00000001000c9c00 'java/lang/invoke/LambdaForm$MH+0x00000001000c9c00'
Event: 219.694 Thread 0x000001aeed619920 Unloading class 0x00000001000c9400 'java/lang/invoke/LambdaForm$MH+0x00000001000c9400'
Event: 219.694 Thread 0x000001aeed619920 Unloading class 0x00000001000c8c00 'java/lang/invoke/LambdaForm$MH+0x00000001000c8c00'
Event: 219.694 Thread 0x000001aeed619920 Unloading class 0x00000001000c8400 'java/lang/invoke/LambdaForm$MH+0x00000001000c8400'
Event: 1371.875 Thread 0x000001aeed619920 Unloading class 0x0000000100599400 'java/lang/invoke/LambdaForm$MH+0x0000000100599400'
Event: 1371.892 Thread 0x000001aeed619920 Unloading class 0x0000000100599800 'java/lang/invoke/LambdaForm$MH+0x0000000100599800'
Event: 1371.892 Thread 0x000001aeed619920 Unloading class 0x0000000100638000 'java/lang/invoke/LambdaForm$MH+0x0000000100638000'
Event: 3194.273 Thread 0x000001aeed619920 Unloading class 0x00000001000c8400 'java/lang/invoke/LambdaForm$MH+0x00000001000c8400'
Event: 3194.280 Thread 0x000001aeed619920 Unloading class 0x00000001000c8c00 'java/lang/invoke/LambdaForm$MH+0x00000001000c8c00'
Event: 3194.280 Thread 0x000001aeed619920 Unloading class 0x00000001000c9400 'java/lang/invoke/LambdaForm$MH+0x00000001000c9400'
Event: 3194.280 Thread 0x000001aeed619920 Unloading class 0x00000001000c9c00 'java/lang/invoke/LambdaForm$MH+0x00000001000c9c00'
Event: 3194.280 Thread 0x000001aeed619920 Unloading class 0x00000001000cb800 'java/lang/invoke/LambdaForm$MH+0x00000001000cb800'
Event: 3194.280 Thread 0x000001aeed619920 Unloading class 0x0000000100355c00 'java/lang/invoke/LambdaForm$MH+0x0000000100355c00'
Event: 3194.280 Thread 0x000001aeed619920 Unloading class 0x0000000100356c00 'java/lang/invoke/LambdaForm$MH+0x0000000100356c00'

Classes redefined (0 events):
No events

Internal exceptions (20 events):
Event: 78.467 Thread 0x000001aeef8e5180 Exception <a 'sun/nio/fs/WindowsException'{0x00000000e0008a30}> (0x00000000e0008a30) 
thrown [s\src\hotspot\share\prims\jni.cpp, line 516]
Event: 78.467 Thread 0x000001aeef8e5180 Exception <a 'sun/nio/fs/WindowsException'{0x00000000e0008de0}> (0x00000000e0008de0) 
thrown [s\src\hotspot\share\prims\jni.cpp, line 516]
Event: 78.467 Thread 0x000001aeef8e5180 Exception <a 'sun/nio/fs/WindowsException'{0x00000000e00097e8}> (0x00000000e00097e8) 
thrown [s\src\hotspot\share\prims\jni.cpp, line 516]
Event: 78.467 Thread 0x000001aeef8e5180 Exception <a 'sun/nio/fs/WindowsException'{0x00000000e0009ba8}> (0x00000000e0009ba8) 
thrown [s\src\hotspot\share\prims\jni.cpp, line 516]
Event: 78.467 Thread 0x000001aeef8e5180 Exception <a 'sun/nio/fs/WindowsException'{0x00000000e000a5d0}> (0x00000000e000a5d0) 
thrown [s\src\hotspot\share\prims\jni.cpp, line 516]
Event: 78.467 Thread 0x000001aeef8e5180 Exception <a 'sun/nio/fs/WindowsException'{0x00000000e000a9b0}> (0x00000000e000a9b0) 
thrown [s\src\hotspot\share\prims\jni.cpp, line 516]
Event: 78.468 Thread 0x000001aeef8e5180 Exception <a 'sun/nio/fs/WindowsException'{0x00000000e000b3e8}> (0x00000000e000b3e8) 
thrown [s\src\hotspot\share\prims\jni.cpp, line 516]
Event: 78.468 Thread 0x000001aeef8e5180 Exception <a 'sun/nio/fs/WindowsException'{0x00000000e000b7d8}> (0x00000000e000b7d8) 
thrown [s\src\hotspot\share\prims\jni.cpp, line 516]
Event: 78.468 Thread 0x000001aeef8e5180 Exception <a 'sun/nio/fs/WindowsException'{0x00000000e000c208}> (0x00000000e000c208) 
thrown [s\src\hotspot\share\prims\jni.cpp, line 516]
Event: 78.468 Thread 0x000001aeef8e5180 Exception <a 'sun/nio/fs/WindowsException'{0x00000000e000c5f8}> (0x00000000e000c5f8) 
thrown [s\src\hotspot\share\prims\jni.cpp, line 516]
Event: 78.469 Thread 0x000001aeef8e4310 Exception <a 'java/lang/NoSuchMethodError'{0x00000000dff44fa8}: 'java.lang.Object java.lang.invoke.Invokers$Holder.invoke_MT(java.lang.Object, java.lang.Object, java.lang.Object)'> (0x00000000dff44fa8) 
thrown [s\src\hotspot\share\interpreter\linkResolver.cpp, line 759]
Event: 78.657 Thread 0x000001aeef6ac6e0 Exception <a 'java/lang/NoSuchMethodError'{0x00000000e0194e20}: 'void java.lang.invoke.DirectMethodHandle$Holder.invokeStatic(java.lang.Object, java.lang.Object, java.lang.Object, java.lang.Object, java.lang.Object, java.lang.Object, java.lang.Object)'> (0x00000000e0194e20) 
thrown [s\src\hotspot\share\interpreter\linkResolver.cpp, line 759]
Event: 83.473 Thread 0x000001aeef8e2630 Exception <a 'sun/nio/fs/WindowsException'{0x00000000db5e14d8}> (0x00000000db5e14d8) 
thrown [s\src\hotspot\share\prims\jni.cpp, line 516]
Event: 83.473 Thread 0x000001aeef8e2630 Exception <a 'sun/nio/fs/WindowsException'{0x00000000db5e1868}> (0x00000000db5e1868) 
thrown [s\src\hotspot\share\prims\jni.cpp, line 516]
Event: 200.561 Thread 0x000001aeee9fc0c0 Exception <a 'java/lang/NoSuchMethodError'{0x00000000db292b38}: 'void java.lang.invoke.DirectMethodHandle$Holder.invokeStatic(java.lang.Object, long)'> (0x00000000db292b38) 
thrown [s\src\hotspot\share\interpreter\linkResolver.cpp, line 759]
Event: 200.564 Thread 0x000001aeee9fc0c0 Exception <a 'java/lang/NoSuchMethodError'{0x00000000db297ee0}: 'java.lang.Object java.lang.invoke.DirectMethodHandle$Holder.newInvokeSpecial(java.lang.Object, long)'> (0x00000000db297ee0) 
thrown [s\src\hotspot\share\interpreter\linkResolver.cpp, line 759]
Event: 340.535 Thread 0x000001aeef5d2c10 Exception <a 'java/lang/reflect/InvocationTargetException'{0x00000000ca2a9618}> (0x00000000ca2a9618) 
thrown [s\src\hotspot\share\runtime\reflection.cpp, line 1121]
Event: 2748.352 Thread 0x000001aeef8e6e60 Exception <a 'java/lang/NoSuchMethodError'{0x00000000c9844d88}: 'java.lang.Object java.lang.invoke.DirectMethodHandle$Holder.newInvokeSpecial(java.lang.Object, java.lang.Object, int, java.lang.Object)'> (0x00000000c9844d88) 
thrown [s\src\hotspot\share\interpreter\linkResolver.cpp, line 759]
Event: 2748.486 Thread 0x000001aeef8e6e60 Exception <a 'java/lang/NoSuchMethodError'{0x00000000c98486a8}: 'java.lang.Object java.lang.invoke.Invokers$Holder.linkToTargetMethod(java.lang.Object, int, java.lang.Object, java.lang.Object)'> (0x00000000c98486a8) 
thrown [s\src\hotspot\share\interpreter\linkResolver.cpp, line 759]
Event: 4355.452 Thread 0x000001aeef8e5ff0 Exception <a 'java/lang/NoSuchMethodError'{0x00000000ca28ed68}: 'java.lang.Object java.lang.invoke.DirectMethodHandle$Holder.invokeStatic(java.lang.Object, java.lang.Object, java.lang.Object, java.lang.Object, int)'> (0x00000000ca28ed68) 
thrown [s\src\hotspot\share\interpreter\linkResolver.cpp, line 759]

VM Operations (20 events):
Event: 5238.017 Executing VM operation: G1CollectFull done
Event: 5249.153 Executing VM operation: G1CollectFull
Event: 5249.222 Executing VM operation: G1CollectFull done
Event: 5260.908 Executing VM operation: G1CollectFull
Event: 5260.965 Executing VM operation: G1CollectFull done
Event: 5274.687 Executing VM operation: G1CollectFull
Event: 5274.745 Executing VM operation: G1CollectFull done
Event: 5288.449 Executing VM operation: G1CollectFull
Event: 5288.500 Executing VM operation: G1CollectFull done
Event: 5298.958 Executing VM operation: G1CollectFull
Event: 5299.015 Executing VM operation: G1CollectFull done
Event: 5309.405 Executing VM operation: G1CollectFull
Event: 5309.460 Executing VM operation: G1CollectFull done
Event: 5319.638 Executing VM operation: G1CollectFull
Event: 5319.685 Executing VM operation: G1CollectFull done
Event: 5332.107 Executing VM operation: G1CollectFull
Event: 5332.167 Executing VM operation: G1CollectFull done
Event: 5344.397 Executing VM operation: G1CollectFull
Event: 5344.450 Executing VM operation: G1CollectFull done
Event: 5355.368 Executing VM operation: G1CollectFull

Events (20 events):
Event: 4406.716 Thread 0x000001aeef8e34a0 Thread exited: 0x000001aeef8e34a0
Event: 4406.716 Thread 0x000001aeef8e7800 Thread exited: 0x000001aeef8e7800
Event: 4406.731 Thread 0x000001aeef8e5650 Thread exited: 0x000001aeef8e5650
Event: 4406.759 Thread 0x000001aeef8e4310 Thread exited: 0x000001aeef8e4310
Event: 4406.919 Thread 0x000001aeef8e64c0 Thread exited: 0x000001aeef8e64c0
Event: 4406.919 Thread 0x000001aeef8e8b40 Thread exited: 0x000001aeef8e8b40
Event: 4417.097 Thread 0x000001aeef8e5ff0 Thread exited: 0x000001aeef8e5ff0
Event: 4466.720 Thread 0x000001aeef8e6e60 Thread exited: 0x000001aeef8e6e60
Event: 4491.765 Thread 0x000001aeef8e6e60 Thread added: 0x000001aeef8e6e60
Event: 4492.015 Thread 0x000001aeef8e9010 Thread added: 0x000001aeef8e9010
Event: 4495.771 Thread 0x000001aeef8e94e0 Thread added: 0x000001aeef8e94e0
Event: 4544.989 Thread 0x000001aeef8e34a0 Thread added: 0x000001aeef8e34a0
Event: 4548.384 Thread 0x000001aeef8e2630 Thread added: 0x000001aeef8e2630
Event: 4548.386 Thread 0x000001aeef8e4310 Thread added: 0x000001aeef8e4310
Event: 4605.118 Thread 0x000001aeef8e6e60 Thread exited: 0x000001aeef8e6e60
Event: 4608.467 Thread 0x000001aeef8e94e0 Thread exited: 0x000001aeef8e94e0
Event: 4608.467 Thread 0x000001aeef8e4310 Thread exited: 0x000001aeef8e4310
Event: 4608.484 Thread 0x000001aeef8e2630 Thread exited: 0x000001aeef8e2630
Event: 4608.750 Thread 0x000001aeef8e9010 Thread exited: 0x000001aeef8e9010
Event: 4702.826 Thread 0x000001aeef8e34a0 Thread exited: 0x000001aeef8e34a0


Dynamic libraries:
0x00007ff770fa0000 - 0x00007ff770fae000 	c:\Users\Murphy\.vscode\extensions\redhat.java-1.13.0-win32-x64\jre\17.0.5-win32-x86_64\bin\java.exe
0x00007ffff1130000 - 0x00007ffff1328000 	C:\Windows\SYSTEM32\ntdll.dll
0x00007fffef700000 - 0x00007fffef7bf000 	C:\Windows\System32\KERNEL32.DLL
0x00007fffee950000 - 0x00007fffeec22000 	C:\Windows\System32\KERNELBASE.dll
0x00007fffee850000 - 0x00007fffee950000 	C:\Windows\System32\ucrtbase.dll
0x00007fffdcad0000 - 0x00007fffdcae7000 	c:\Users\Murphy\.vscode\extensions\redhat.java-1.13.0-win32-x64\jre\17.0.5-win32-x86_64\bin\jli.dll
0x00007fffefcc0000 - 0x00007fffefe61000 	C:\Windows\System32\USER32.dll
0x00007fffee820000 - 0x00007fffee842000 	C:\Windows\System32\win32u.dll
0x00007fffefa20000 - 0x00007fffefa4b000 	C:\Windows\System32\GDI32.dll
0x00007fffeec30000 - 0x00007fffeed3f000 	C:\Windows\System32\gdi32full.dll
0x00007fffeedf0000 - 0x00007fffeee8d000 	C:\Windows\System32\msvcp_win.dll
0x00007fffdcb20000 - 0x00007fffdcb39000 	c:\Users\Murphy\.vscode\extensions\redhat.java-1.13.0-win32-x64\jre\17.0.5-win32-x86_64\bin\VCRUNTIME140.dll
0x00007fffdbcf0000 - 0x00007fffdbf8a000 	C:\Windows\WinSxS\amd64_microsoft.windows.common-controls_6595b64144ccf1df_6.0.19041.1110_none_60b5254171f9507e\COMCTL32.dll
0x00007ffff04c0000 - 0x00007ffff055e000 	C:\Windows\System32\msvcrt.dll
0x00007ffff0f10000 - 0x00007ffff0f42000 	C:\Windows\System32\IMM32.DLL
0x00007fffea230000 - 0x00007fffea23c000 	c:\Users\Murphy\.vscode\extensions\redhat.java-1.13.0-win32-x64\jre\17.0.5-win32-x86_64\bin\vcruntime140_1.dll
0x00007fffd21f0000 - 0x00007fffd2281000 	c:\Users\Murphy\.vscode\extensions\redhat.java-1.13.0-win32-x64\jre\17.0.5-win32-x86_64\bin\msvcp140.dll
0x00007fff95110000 - 0x00007fff95d54000 	c:\Users\Murphy\.vscode\extensions\redhat.java-1.13.0-win32-x64\jre\17.0.5-win32-x86_64\bin\server\jvm.dll
0x00007fffefc00000 - 0x00007fffefcae000 	C:\Windows\System32\ADVAPI32.dll
0x00007fffef170000 - 0x00007fffef20c000 	C:\Windows\System32\sechost.dll
0x00007ffff0f50000 - 0x00007ffff1075000 	C:\Windows\System32\RPCRT4.dll
0x00007fffd7270000 - 0x00007fffd7279000 	C:\Windows\SYSTEM32\WSOCK32.dll
0x00007ffff1080000 - 0x00007ffff10eb000 	C:\Windows\System32\WS2_32.dll
0x00007fffdc240000 - 0x00007fffdc267000 	C:\Windows\SYSTEM32\WINMM.dll
0x00007fffe6ea0000 - 0x00007fffe6eaa000 	C:\Windows\SYSTEM32\VERSION.dll
0x00007fffec6e0000 - 0x00007fffec6f2000 	C:\Windows\SYSTEM32\kernel.appcore.dll
0x00007fffe85b0000 - 0x00007fffe85ba000 	c:\Users\Murphy\.vscode\extensions\redhat.java-1.13.0-win32-x64\jre\17.0.5-win32-x86_64\bin\jimage.dll
0x00007fffd9410000 - 0x00007fffd95f4000 	C:\Windows\SYSTEM32\DBGHELP.DLL
0x00007fffd92f0000 - 0x00007fffd9325000 	C:\Windows\SYSTEM32\dbgcore.DLL
0x00007fffeef80000 - 0x00007fffef002000 	C:\Windows\System32\bcryptPrimitives.dll
0x00007fffdcb40000 - 0x00007fffdcb65000 	c:\Users\Murphy\.vscode\extensions\redhat.java-1.13.0-win32-x64\jre\17.0.5-win32-x86_64\bin\java.dll
0x00007fffe84d0000 - 0x00007fffe84e8000 	c:\Users\Murphy\.vscode\extensions\redhat.java-1.13.0-win32-x64\jre\17.0.5-win32-x86_64\bin\zip.dll
0x00007ffff07c0000 - 0x00007ffff0f04000 	C:\Windows\System32\SHELL32.dll
0x00007fffec8e0000 - 0x00007fffed072000 	C:\Windows\SYSTEM32\windows.storage.dll
0x00007ffff0160000 - 0x00007ffff04b5000 	C:\Windows\System32\combase.dll
0x00007fffee280000 - 0x00007fffee2b0000 	C:\Windows\SYSTEM32\Wldp.dll
0x00007fffef7c0000 - 0x00007fffef86d000 	C:\Windows\System32\SHCORE.dll
0x00007ffff06b0000 - 0x00007ffff0705000 	C:\Windows\System32\shlwapi.dll
0x00007fffee760000 - 0x00007fffee77f000 	C:\Windows\SYSTEM32\profapi.dll
0x00007fffdcea0000 - 0x00007fffdceb9000 	C:\Users\Murphy\.vscode\extensions\redhat.java-1.13.0-win32-x64\jre\17.0.5-win32-x86_64\bin\net.dll
0x00007fffe1170000 - 0x00007fffe127c000 	C:\Windows\SYSTEM32\WINHTTP.dll
0x00007fffedf00000 - 0x00007fffedf6a000 	C:\Windows\system32\mswsock.dll
0x00007fffdcba0000 - 0x00007fffdcbb5000 	C:\Users\Murphy\.vscode\extensions\redhat.java-1.13.0-win32-x64\jre\17.0.5-win32-x86_64\bin\nio.dll
0x00007fffdcac0000 - 0x00007fffdcad0000 	c:\Users\Murphy\.vscode\extensions\redhat.java-1.13.0-win32-x64\jre\17.0.5-win32-x86_64\bin\verify.dll
0x00007fffee0f0000 - 0x00007fffee108000 	C:\Windows\SYSTEM32\CRYPTSP.dll
0x00007fffed820000 - 0x00007fffed854000 	C:\Windows\system32\rsaenh.dll
0x00007fffeeee0000 - 0x00007fffeef07000 	C:\Windows\System32\bcrypt.dll
0x00007fffee720000 - 0x00007fffee74e000 	C:\Windows\SYSTEM32\USERENV.dll
0x00007fffee110000 - 0x00007fffee11c000 	C:\Windows\SYSTEM32\CRYPTBASE.dll
0x00007fffedbf0000 - 0x00007fffedc2b000 	C:\Windows\SYSTEM32\IPHLPAPI.DLL
0x00007fffefcb0000 - 0x00007fffefcb8000 	C:\Windows\System32\NSI.dll
0x00007fffe4ba0000 - 0x00007fffe4bb7000 	C:\Windows\SYSTEM32\dhcpcsvc6.DLL
0x00007fffe5850000 - 0x00007fffe586d000 	C:\Windows\SYSTEM32\dhcpcsvc.DLL
0x00007fffedc30000 - 0x00007fffedcfa000 	C:\Windows\SYSTEM32\DNSAPI.dll
0x00007fffe88b0000 - 0x00007fffe88b9000 	C:\Users\Murphy\.vscode\extensions\redhat.java-1.13.0-win32-x64\jre\17.0.5-win32-x86_64\bin\management.dll
0x00007fffe8860000 - 0x00007fffe886b000 	C:\Users\Murphy\.vscode\extensions\redhat.java-1.13.0-win32-x64\jre\17.0.5-win32-x86_64\bin\management_ext.dll
0x00007ffff0150000 - 0x00007ffff0158000 	C:\Windows\System32\PSAPI.DLL
0x00007fffe8510000 - 0x00007fffe851e000 	C:\Users\Murphy\.vscode\extensions\redhat.java-1.13.0-win32-x64\jre\17.0.5-win32-x86_64\bin\sunmscapi.dll
0x00007fffef010000 - 0x00007fffef166000 	C:\Windows\System32\CRYPT32.dll
0x00007fffee2f0000 - 0x00007fffee317000 	C:\Windows\SYSTEM32\ncrypt.dll
0x00007fffee2b0000 - 0x00007fffee2eb000 	C:\Windows\SYSTEM32\NTASN1.dll
0x00007fffddb80000 - 0x00007fffddb8a000 	C:\Windows\System32\rasadhlp.dll
0x00007fffde010000 - 0x00007fffde090000 	C:\Windows\System32\fwpuclnt.dll

dbghelp: loaded successfully - version: 4.0.5 - missing functions: none
symbol engine: initialized successfully - sym options: 0x614 - pdb path: .;c:\Users\Murphy\.vscode\extensions\redhat.java-1.13.0-win32-x64\jre\17.0.5-win32-x86_64\bin;C:\Windows\SYSTEM32;C:\Windows\WinSxS\amd64_microsoft.windows.common-controls_6595b64144ccf1df_6.0.19041.1110_none_60b5254171f9507e;c:\Users\Murphy\.vscode\extensions\redhat.java-1.13.0-win32-x64\jre\17.0.5-win32-x86_64\bin\server

VM Arguments:
jvm_args: -Dsts.lsp.client=vscode -Dsts.log.file=/dev/null -XX:TieredStopAtLevel=1 -Xlog:jni+resolve=off -Dspring.config.location=file:c:\Users\Murphy\.vscode\extensions\pivotal.vscode-spring-boot-1.43.0\language-server\BOOT-INF\classes\application.properties 
java_command: org.springframework.ide.vscode.boot.app.BootLanguageServerBootApp
java_class_path (initial): c:\Users\Murphy\.vscode\extensions\pivotal.vscode-spring-boot-1.43.0\language-server\BOOT-INF\classes;c:\Users\Murphy\.vscode\extensions\pivotal.vscode-spring-boot-1.43.0\language-server\BOOT-INF\lib\annotations-23.1.0.jar;c:\Users\Murphy\.vscode\extensions\pivotal.vscode-spring-boot-1.43.0\language-server\BOOT-INF\lib\ant-1.10.12.jar;c:\Users\Murphy\.vscode\extensions\pivotal.vscode-spring-boot-1.43.0\language-server\BOOT-INF\lib\ant-launcher-1.10.12.jar;c:\Users\Murphy\.vscode\extensions\pivotal.vscode-spring-boot-1.43.0\language-server\BOOT-INF\lib\antlr-runtime-3.5.2.jar;c:\Users\Murphy\.vscode\extensions\pivotal.vscode-spring-boot-1.43.0\language-server\BOOT-INF\lib\antlr4-4.9.3.jar;c:\Users\Murphy\.vscode\extensions\pivotal.vscode-spring-boot-1.43.0\language-server\BOOT-INF\lib\antlr4-runtime-4.9.3.jar;c:\Users\Murphy\.vscode\extensions\pivotal.vscode-spring-boot-1.43.0\language-server\BOOT-INF\lib\apiguardian-api-1.1.2.jar;c:\Users\Murphy\.vscode\extensions\pivotal.vscode-spring-boot-1.43.0\language-server\BOOT-INF\lib\asm-9.4.jar;c:\Users\Murphy\.vscode\extensions\pivotal.vscode-spring-boot-1.43.0\language-server\BOOT-INF\lib\asm-analysis-9.4.jar;c:\Users\Murphy\.vscode\extensions\pivotal.vscode-spring-boot-1.43.0\language-server\BOOT-INF\lib\asm-tree-9.4.jar;c:\Users\Murphy\.vscode\extensions\pivotal.vscode-spring-boot-1.43.0\language-server\BOOT-INF\lib\asm-util-9.4.jar;c:\Users\Murphy\.vscode\extensions\pivotal.vscode-spring-boot-1.43.0\language-server\BOOT-INF\lib\caffeine-3.1.2.jar;c:\Users\Murphy\.vscode\extensions\pivotal.vscode-spring-boot-1.43.0\language-server\BOOT-INF\lib\checker-qual-3.12.0.jar;c:\Users\Murphy\.vscode\extensions\pivotal.vscode-spring-boot-1.43.0\language-server\BOOT-INF\lib\ci-environment-9.1.0.jar;c:\Users\Murphy\.vscode\extensions\pivotal.vscode-spring-boot-1.43.0\language-server\BOOT-INF\lib\classgraph-4.8.149.jar;c:\Users\Murphy\.vscode\extensions\pivotal.vscode-spring-boot-1.43.0\language-server\
Launcher Type: SUN_STANDARD

[Global flags]
     intx CICompilerCount                          = 3                                         {product} {ergonomic}
     uint ConcGCThreads                            = 1                                         {product} {ergonomic}
     uint G1ConcRefinementThreads                  = 4                                         {product} {ergonomic}
   size_t G1HeapRegionSize                         = 1048576                                   {product} {ergonomic}
    uintx GCDrainStackTargetSize                   = 64                                        {product} {ergonomic}
   size_t InitialHeapSize                          = 67108864                                  {product} {ergonomic}
   size_t MarkStackSize                            = 4194304                                   {product} {ergonomic}
   size_t MaxHeapSize                              = 1042284544                                {product} {ergonomic}
   size_t MaxNewSize                               = 624951296                                 {product} {ergonomic}
   size_t MinHeapDeltaBytes                        = 1048576                                   {product} {ergonomic}
   size_t MinHeapSize                              = 8388608                                   {product} {ergonomic}
    uintx NonProfiledCodeHeapSize                  = 0                                      {pd product} {ergonomic}
     bool ProfileInterpreter                       = false                                  {pd product} {command line}
    uintx ProfiledCodeHeapSize                     = 0                                      {pd product} {ergonomic}
   size_t SoftMaxHeapSize                          = 1042284544                             {manageable} {ergonomic}
     intx TieredStopAtLevel                        = 1                                         {product} {command line}
     bool UseCompressedClassPointers               = true                           {product lp64_product} {ergonomic}
     bool UseCompressedOops                        = true                           {product lp64_product} {ergonomic}
     bool UseG1GC                                  = true                                      {product} {ergonomic}
     bool UseLargePagesIndividualAllocation        = false                                  {pd product} {ergonomic}

Logging:
Log output configuration:
 #0: stdout all=warning,jni+resolve=off uptime,level,tags
 #1: stderr all=off uptime,level,tags

Environment Variables:
JAVA_HOME=C:\Program Files\Java\jdk1.8.0_231
CLASSPATH=C:\jar\*;
PATH=C:\Program Files (x86)\NVIDIA Corporation\PhysX\Common;C:\Program Files (x86)\Common Files\Oracle\Java\javapath;C:\Windows\system32;C:\Windows;C:\Windows\System32\Wbem;C:\Windows\System32\WindowsPowerShell\v1.0\;C:\Windows\System32\OpenSSH\;C:\Program Files\Java\jdk1.8.0_231\bin;C:\Program Files (x86)\nodejs\;C:\sqlite;C:\Program Files (x86)\Microsoft SQL Server\160\Tools\Binn\;C:\Program Files\Microsoft SQL Server\160\Tools\Binn\;C:\Program Files\Microsoft SQL Server\Client SDK\ODBC\170\Tools\Binn\;C:\Program Files\Microsoft SQL Server\160\DTS\Binn\;C:\Program Files (x86)\Microsoft SQL Server\150\DTS\Binn\;C:\Program Files\Azure Data Studio\bin;C:\Users\Murphy\AppData\Local\Microsoft\WindowsApps;C:\Users\Murphy\AppData\Local\Programs\Microsoft VS Code\bin;C:\Users\Murphy\AppData\Roaming\npm;C:\Users\Murphy\AppData\Local\GitHubDesktop\bin;C:\Program Files\Azure Data Studio\bin
USERNAME=Murphy
OS=Windows_NT
PROCESSOR_IDENTIFIER=Intel64 Family 6 Model 78 Stepping 3, GenuineIntel
TMP=C:\Users\Murphy\AppData\Local\Temp
TEMP=C:\Users\Murphy\AppData\Local\Temp



---------------  S Y S T E M  ---------------

OS:
 Windows 10 , 64 bit Build 19041 (10.0.19041.2364)
OS uptime: 2 days 15:22 hours

CPU: total 4 (initial active 4) (2 cores per cpu, 2 threads per core) family 6 model 78 stepping 3 microcode 0xcc, cx8, cmov, fxsr, ht, mmx, 3dnowpref, sse, sse2, sse3, ssse3, sse4.1, sse4.2, popcnt, lzcnt, tsc, tscinvbit, avx, avx2, aes, erms, clmul, bmi1, bmi2, adx, fma, vzeroupper, clflush, clflushopt

Memory: 4k page, system-wide physical 3970M (324M free)
TotalPageFile size 9246M (AvailPageFile size 16M)
current process WorkingSet (physical memory assigned to process): 78M, peak: 612M
current process commit charge ("private bytes"): 310M, peak: 704M

vm_info: OpenJDK 64-Bit Server VM (17.0.5+8) for windows-amd64 JRE (17.0.5+8), built on Oct 19 2022 04:48:13 by "temurin" with MS VC++ 16.7 (VS2019)

END.
